# JRE version: Java(TM) SE Runtime Environment (8.0_65-b17) (build 1.8.0_65-b17)
# Java VM: Java HotSpot(TM) 64-Bit Server VM (25.65-b01 mixed mode windows-amd64 compressed oops)
Heap:
 PSYoungGen      total 916480K, used 73021K [0x0000000740000000, 0x000000078b580000, 0x00000007c0000000)
  eden space 665600K, 7% used [0x0000000740000000,0x0000000743182160,0x0000000768a00000)
  from space 250880K, 8% used [0x0000000779580000,0x000000077ab4d4d0,0x0000000788a80000)
  to   space 273920K, 0% used [0x0000000768a00000,0x0000000768a00000,0x0000000779580000)
 ParOldGen       total 928768K, used 616795K [0x0000000640000000, 0x0000000678b00000, 0x0000000740000000)
  object space 928768K, 66% used [0x0000000640000000,0x0000000665a56e20,0x0000000678b00000)
 Metaspace       used 6895K, capacity 7608K, committed 7936K, reserved 1056768K
  class space    used 635K, capacity 688K, committed 768K, reserved 1048576K
GC Heap History (10 events):
Event: 18.288 GC heap before
{Heap before GC invocations=16 (full 2):
 PSYoungGen      total 641024K, used 641013K [0x0000000740000000, 0x000000077b900000, 0x00000007c0000000)
  eden space 493568K, 100% used [0x0000000740000000,0x000000075e200000,0x000000075e200000)
  from space 147456K, 99% used [0x000000075e200000,0x00000007671fd620,0x0000000767200000)
  to   space 193536K, 0% used [0x000000076fc00000,0x000000076fc00000,0x000000077b900000)
 ParOldGen       total 389120K, used 306135K [0x0000000640000000, 0x0000000657c00000, 0x0000000740000000)
  object space 389120K, 78% used [0x0000000640000000,0x0000000652af5fd8,0x0000000657c00000)
 Metaspace       used 6513K, capacity 7320K, committed 7680K, reserved 1056768K
  class space    used 616K, capacity 656K, committed 768K, reserved 1048576K
Event: 18.762 GC heap after
Heap after GC invocations=16 (full 2):
 PSYoungGen      total 764928K, used 148030K [0x0000000740000000, 0x000000077e980000, 0x00000007c0000000)
  eden space 571392K, 0% used [0x0000000740000000,0x0000000740000000,0x0000000762e00000)
  from space 193536K, 76% used [0x000000076fc00000,0x0000000778c8fbf8,0x000000077b900000)
  to   space 210944K, 0% used [0x0000000762e00000,0x0000000762e00000,0x000000076fc00000)
 ParOldGen       total 389120K, used 384039K [0x0000000640000000, 0x0000000657c00000, 0x0000000740000000)
  object space 389120K, 98% used [0x0000000640000000,0x0000000657709d38,0x0000000657c00000)
 Metaspace       used 6513K, capacity 7320K, committed 7680K, reserved 1056768K
  class space    used 616K, capacity 656K, committed 768K, reserved 1048576K
}
Event: 18.762 GC heap before
{Heap before GC invocations=17 (full 3):
 PSYoungGen      total 764928K, used 148030K [0x0000000740000000, 0x000000077e980000, 0x00000007c0000000)
  eden space 571392K, 0% used [0x0000000740000000,0x0000000740000000,0x0000000762e00000)
  from space 193536K, 76% used [0x000000076fc00000,0x0000000778c8fbf8,0x000000077b900000)
  to   space 210944K, 0% used [0x0000000762e00000,0x0000000762e00000,0x000000076fc00000)
 ParOldGen       total 389120K, used 384039K [0x0000000640000000, 0x0000000657c00000, 0x0000000740000000)
  object space 389120K, 98% used [0x0000000640000000,0x0000000657709d38,0x0000000657c00000)
 Metaspace       used 6513K, capacity 7320K, committed 7680K, reserved 1056768K
  class space    used 616K, capacity 656K, committed 768K, reserved 1048576K
Event: 21.439 GC heap after
Heap after GC invocations=17 (full 3):
 PSYoungGen      total 764928K, used 128918K [0x0000000740000000, 0x000000077e980000, 0x00000007c0000000)
  eden space 571392K, 0% used [0x0000000740000000,0x0000000740000000,0x0000000762e00000)
  from space 193536K, 66% used [0x000000076fc00000,0x00000007779e5888,0x000000077b900000)
  to   space 210944K, 0% used [0x0000000762e00000,0x0000000762e00000,0x000000076fc00000)
 ParOldGen       total 616960K, used 388822K [0x0000000640000000, 0x0000000665a80000, 0x0000000740000000)
  object space 616960K, 63% used [0x0000000640000000,0x0000000657bb5a78,0x0000000665a80000)
 Metaspace       used 6513K, capacity 7320K, committed 7680K, reserved 1056768K
  class space    used 616K, capacity 656K, committed 768K, reserved 1048576K
}
Event: 23.106 GC heap before
{Heap before GC invocations=18 (full 3):
 PSYoungGen      total 764928K, used 700310K [0x0000000740000000, 0x000000077e980000, 0x00000007c0000000)
  eden space 571392K, 100% used [0x0000000740000000,0x0000000762e00000,0x0000000762e00000)
  from space 193536K, 66% used [0x000000076fc00000,0x00000007779e5888,0x000000077b900000)
  to   space 210944K, 0% used [0x0000000762e00000,0x0000000762e00000,0x000000076fc00000)
 ParOldGen       total 616960K, used 388822K [0x0000000640000000, 0x0000000665a80000, 0x0000000740000000)
  object space 616960K, 63% used [0x0000000640000000,0x0000000657bb5a78,0x0000000665a80000)
 Metaspace       used 6517K, capacity 7320K, committed 7680K, reserved 1056768K
  class space    used 616K, capacity 656K, committed 768K, reserved 1048576K
Event: 23.532 GC heap after
Heap after GC invocations=18 (full 3):
 PSYoungGen      total 782336K, used 210938K [0x0000000740000000, 0x0000000788a80000, 0x00000007c0000000)
  eden space 571392K, 0% used [0x0000000740000000,0x0000000740000000,0x0000000762e00000)
  from space 210944K, 99% used [0x0000000762e00000,0x000000076fbfea40,0x000000076fc00000)
  to   space 250880K, 0% used [0x0000000779580000,0x0000000779580000,0x0000000788a80000)
 ParOldGen       total 616960K, used 399156K [0x0000000640000000, 0x0000000665a80000, 0x0000000740000000)
  object space 616960K, 64% used [0x0000000640000000,0x00000006585cd3e0,0x0000000665a80000)
 Metaspace       used 6517K, capacity 7320K, committed 7680K, reserved 1056768K
  class space    used 616K, capacity 656K, committed 768K, reserved 1048576K
}
Event: 28.114 GC heap before
{Heap before GC invocations=19 (full 3):
 PSYoungGen      total 782336K, used 782330K [0x0000000740000000, 0x0000000788a80000, 0x00000007c0000000)
  eden space 571392K, 100% used [0x0000000740000000,0x0000000762e00000,0x0000000762e00000)
  from space 210944K, 99% used [0x0000000762e00000,0x000000076fbfea40,0x000000076fc00000)
  to   space 250880K, 0% used [0x0000000779580000,0x0000000779580000,0x0000000788a80000)
 ParOldGen       total 616960K, used 399156K [0x0000000640000000, 0x0000000665a80000, 0x0000000740000000)
  object space 616960K, 64% used [0x0000000640000000,0x00000006585cd3e0,0x0000000665a80000)
 Metaspace       used 6884K, capacity 7608K, committed 7936K, reserved 1056768K
  class space    used 635K, capacity 688K, committed 768K, reserved 1048576K
Event: 28.716 GC heap after
Heap after GC invocations=19 (full 3):
 PSYoungGen      total 916480K, used 195764K [0x0000000740000000, 0x000000078b580000, 0x00000007c0000000)
  eden space 665600K, 0% used [0x0000000740000000,0x0000000740000000,0x0000000768a00000)
  from space 250880K, 78% used [0x0000000779580000,0x00000007854ad2f0,0x0000000788a80000)
  to   space 273920K, 0% used [0x0000000768a00000,0x0000000768a00000,0x0000000779580000)
 ParOldGen       total 616960K, used 518007K [0x0000000640000000, 0x0000000665a80000, 0x0000000740000000)
  object space 616960K, 83% used [0x0000000640000000,0x000000065f9ddc60,0x0000000665a80000)
 Metaspace       used 6884K, capacity 7608K, committed 7936K, reserved 1056768K
  class space    used 635K, capacity 688K, committed 768K, reserved 1048576K
}
Event: 28.716 GC heap before
{Heap before GC invocations=20 (full 4):
 PSYoungGen      total 916480K, used 195764K [0x0000000740000000, 0x000000078b580000, 0x00000007c0000000)
  eden space 665600K, 0% used [0x0000000740000000,0x0000000740000000,0x0000000768a00000)
  from space 250880K, 78% used [0x0000000779580000,0x00000007854ad2f0,0x0000000788a80000)
  to   space 273920K, 0% used [0x0000000768a00000,0x0000000768a00000,0x0000000779580000)
 ParOldGen       total 616960K, used 518007K [0x0000000640000000, 0x0000000665a80000, 0x0000000740000000)
  object space 616960K, 83% used [0x0000000640000000,0x000000065f9ddc60,0x0000000665a80000)
 Metaspace       used 6884K, capacity 7608K, committed 7936K, reserved 1056768K
  class space    used 635K, capacity 688K, committed 768K, reserved 1048576K
Event: 35.497 GC heap after
Heap after GC invocations=20 (full 4):
 PSYoungGen      total 916480K, used 22325K [0x0000000740000000, 0x000000078b580000, 0x00000007c0000000)
  eden space 665600K, 0% used [0x0000000740000000,0x0000000740000000,0x0000000768a00000)
  from space 250880K, 8% used [0x0000000779580000,0x000000077ab4d4d0,0x0000000788a80000)
  to   space 273920K, 0% used [0x0000000768a00000,0x0000000768a00000,0x0000000779580000)
 ParOldGen       total 928768K, used 616795K [0x0000000640000000, 0x0000000678b00000, 0x0000000740000000)
  object space 928768K, 66% used [0x0000000640000000,0x0000000665a56e20,0x0000000678b00000)
 Metaspace       used 6884K, capacity 7608K, committed 7936K, reserved 1056768K
  class space    used 635K, capacity 688K, committed 768K, reserved 1048576K
}

